<?xml version="1.0" encoding="UTF-8"?>
<!-- Generated by org.testng.reporters.JUnitXMLReporter -->
<testsuite hostname="LAPTOP-PFQSV1LO" name="Default test" tests="5" failures="0" timestamp="7 Jun 2021 04:21:47 GMT" time="0.082" errors="0">
  <testcase name="methodC" time="0.029" classname="Selenium.Basic"/>
  <testcase name="methodB" time="0.001" classname="Selenium.Basic"/>
  <testcase name="methodE" time="0.003" classname="Selenium.Basic"/>
  <testcase name="methodG" time="0.001" classname="Selenium.Basic"/>
  <testcase name="methodF" time="0.003" classname="Selenium.Basic"/>
</testsuite> <!-- Default test -->
