<?xml version="1.0" encoding="UTF-8"?>
<testng-results skipped="0" failed="0" total="5" passed="5">
  <reporter-output>
  </reporter-output>
  <suite name="Default suite" duration-ms="82" started-at="2021-06-07T04:21:47Z" finished-at="2021-06-07T04:21:47Z">
    <groups>
    </groups>
    <test name="Default test" duration-ms="82" started-at="2021-06-07T04:21:47Z" finished-at="2021-06-07T04:21:47Z">
      <class name="Selenium.Basic">
        <test-method status="PASS" signature="methodC()[pri:0, instance:Selenium.Basic@721e0f4f]" name="methodC" duration-ms="29" started-at="2021-06-07T09:51:47Z" finished-at="2021-06-07T09:51:47Z">
          <reporter-output>
          </reporter-output>
        </test-method> <!-- methodC -->
        <test-method status="PASS" signature="methodB()[pri:0, instance:Selenium.Basic@721e0f4f]" name="methodB" duration-ms="1" started-at="2021-06-07T09:51:47Z" finished-at="2021-06-07T09:51:47Z">
          <reporter-output>
          </reporter-output>
        </test-method> <!-- methodB -->
        <test-method status="PASS" signature="methodE()[pri:0, instance:Selenium.Basic@721e0f4f]" name="methodE" duration-ms="3" started-at="2021-06-07T09:51:47Z" finished-at="2021-06-07T09:51:47Z">
          <reporter-output>
          </reporter-output>
        </test-method> <!-- methodE -->
        <test-method status="PASS" signature="methodG()[pri:0, instance:Selenium.Basic@721e0f4f]" name="methodG" duration-ms="1" started-at="2021-06-07T09:51:47Z" finished-at="2021-06-07T09:51:47Z">
          <reporter-output>
          </reporter-output>
        </test-method> <!-- methodG -->
        <test-method status="PASS" signature="methodF()[pri:0, instance:Selenium.Basic@721e0f4f]" name="methodF" duration-ms="3" started-at="2021-06-07T09:51:47Z" finished-at="2021-06-07T09:51:47Z">
          <reporter-output>
          </reporter-output>
        </test-method> <!-- methodF -->
      </class> <!-- Selenium.Basic -->
    </test> <!-- Default test -->
  </suite> <!-- Default suite -->
</testng-results>
